
/home/runner/work/exp-standard-proctor-test-nitk/exp-standard-proctor-test-nitk/experiment/simulation/js/ej.web.all.js
  10:627614  error  Parsing error: Invalid number

/home/runner/work/exp-standard-proctor-test-nitk/exp-standard-proctor-test-nitk/experiment/simulation/js/jquerymin.js
  2:71     warning  'module' is not defined                                                    no-undef
  2:86     warning  'module' is not defined                                                    no-undef
  2:863    warning  'b' is assigned a value but never used                                     no-unused-vars
  2:3050   warning  'r' is assigned a value but never used                                     no-unused-vars
  2:5376   warning  Unexpected control character(s) in regular expression: \x1f, \x1f          no-control-regex
  2:5847   warning  Expected a conditional expression and instead saw an assignment            no-cond-assign
  2:6101   warning  Expected a conditional expression and instead saw an assignment            no-cond-assign
  2:6532   warning  Expected a conditional expression and instead saw an assignment            no-cond-assign
  2:6758   warning  Empty block statement                                                      no-empty
  2:7320   warning  Expected a conditional expression and instead saw an assignment            no-cond-assign
  2:9378   warning  Expected a conditional expression and instead saw an assignment            no-cond-assign
  2:9688   warning  Expected a conditional expression and instead saw an assignment            no-cond-assign
  2:11489  warning  Expected a conditional expression and instead saw an assignment            no-cond-assign
  2:12064  warning  Expected a conditional expression and instead saw an assignment            no-cond-assign
  2:12102  warning  Expected a conditional expression and instead saw an assignment            no-cond-assign
  2:12520  warning  Empty block statement                                                      no-empty
  2:13134  warning  Expected a conditional expression and instead saw an assignment            no-cond-assign
  2:13446  warning  Expected a conditional expression and instead saw an assignment            no-cond-assign
  2:15271  warning  Expected a conditional expression and instead saw an assignment            no-cond-assign
  2:15542  warning  Expected a conditional expression and instead saw an assignment            no-cond-assign
  2:15740  warning  Expected a conditional expression and instead saw an assignment            no-cond-assign
  2:16114  warning  Do not access Object.prototype method 'hasOwnProperty' from target object  no-prototype-builtins
  2:16815  warning  Expected a conditional expression and instead saw an assignment            no-cond-assign
  2:19155  warning  Expected a conditional expression and instead saw an assignment            no-cond-assign
  2:19255  warning  Expected a conditional expression and instead saw an assignment            no-cond-assign
  2:19315  warning  Expected a conditional expression and instead saw an assignment            no-cond-assign
  2:20674  warning  Expected a conditional expression and instead saw an assignment            no-cond-assign
  2:21288  warning  Expected a conditional expression and instead saw an assignment            no-cond-assign
  2:21399  warning  Expected a conditional expression and instead saw an assignment            no-cond-assign
  2:23719  warning  Unnecessary escape character: \/                                           no-useless-escape
  2:33344  warning  Empty block statement                                                      no-empty
  2:37050  warning  Unnecessary escape character: \/                                           no-useless-escape
  2:38265  warning  Expected a conditional expression and instead saw an assignment            no-cond-assign
  2:38405  warning  Expected a conditional expression and instead saw an assignment            no-cond-assign
  2:39039  warning  Empty block statement                                                      no-empty
  2:45778  warning  Unnecessary escape character: \/                                           no-useless-escape
  2:48087  warning  Expected a conditional expression and instead saw an assignment            no-cond-assign
  2:49647  warning  Empty block statement                                                      no-empty
  2:57298  warning  Expected a conditional expression and instead saw an assignment            no-cond-assign
  2:59847  warning  Expected a conditional expression and instead saw an assignment            no-cond-assign
  2:64132  warning  Expected a conditional expression and instead saw an assignment            no-cond-assign
  2:65877  warning  Expected a conditional expression and instead saw an assignment            no-cond-assign
  2:65943  warning  Expected a conditional expression and instead saw an assignment            no-cond-assign
  2:66247  warning  Expected a conditional expression and instead saw an assignment            no-cond-assign
  2:66313  warning  Expected a conditional expression and instead saw an assignment            no-cond-assign
  2:66720  warning  Expected a conditional expression and instead saw an assignment            no-cond-assign
  2:66997  warning  Expected a conditional expression and instead saw an assignment            no-cond-assign
  2:72432  warning  Expected a conditional expression and instead saw an assignment            no-cond-assign
  2:74924  warning  Expected a conditional expression and instead saw an assignment            no-cond-assign
  2:75645  warning  'l.href' is assigned to itself                                             no-self-assign
  2:79204  warning  Empty block statement                                                      no-empty
  2:83243  warning  Expected a conditional expression and instead saw an assignment            no-cond-assign
  2:83243  warning  'l' is assigned a value but never used                                     no-unused-vars
  2:86651  warning  'define' is not defined                                                    no-undef
  2:86663  warning  'define' is not defined                                                    no-undef

/home/runner/work/exp-standard-proctor-test-nitk/exp-standard-proctor-test-nitk/experiment/simulation/js/proctor.js
     3:3   warning  Mixed spaces and tabs                            no-mixed-spaces-and-tabs
     4:3   warning  Mixed spaces and tabs                            no-mixed-spaces-and-tabs
     5:3   warning  Mixed spaces and tabs                            no-mixed-spaces-and-tabs
     6:3   warning  Mixed spaces and tabs                            no-mixed-spaces-and-tabs
     7:3   warning  Mixed spaces and tabs                            no-mixed-spaces-and-tabs
     8:3   warning  Mixed spaces and tabs                            no-mixed-spaces-and-tabs
     9:3   warning  Mixed spaces and tabs                            no-mixed-spaces-and-tabs
    10:3   warning  Mixed spaces and tabs                            no-mixed-spaces-and-tabs
    11:3   warning  Mixed spaces and tabs                            no-mixed-spaces-and-tabs
    13:3   warning  Mixed spaces and tabs                            no-mixed-spaces-and-tabs
    14:3   warning  Mixed spaces and tabs                            no-mixed-spaces-and-tabs
    15:3   warning  Mixed spaces and tabs                            no-mixed-spaces-and-tabs
    16:3   warning  Mixed spaces and tabs                            no-mixed-spaces-and-tabs
    17:3   warning  Mixed spaces and tabs                            no-mixed-spaces-and-tabs
    18:3   warning  Mixed spaces and tabs                            no-mixed-spaces-and-tabs
    19:3   warning  Mixed spaces and tabs                            no-mixed-spaces-and-tabs
    20:3   warning  Mixed spaces and tabs                            no-mixed-spaces-and-tabs
    21:3   warning  Mixed spaces and tabs                            no-mixed-spaces-and-tabs
    24:3   warning  Mixed spaces and tabs                            no-mixed-spaces-and-tabs
    25:3   warning  Mixed spaces and tabs                            no-mixed-spaces-and-tabs
    26:3   warning  Mixed spaces and tabs                            no-mixed-spaces-and-tabs
    27:3   warning  Mixed spaces and tabs                            no-mixed-spaces-and-tabs
    28:3   warning  Mixed spaces and tabs                            no-mixed-spaces-and-tabs
    32:3   warning  Mixed spaces and tabs                            no-mixed-spaces-and-tabs
    33:3   warning  Mixed spaces and tabs                            no-mixed-spaces-and-tabs
    34:3   warning  Mixed spaces and tabs                            no-mixed-spaces-and-tabs
    35:3   warning  Mixed spaces and tabs                            no-mixed-spaces-and-tabs
    37:5   warning  'mldDia' is assigned a value but never used      no-unused-vars
    37:18  warning  'mldHght' is assigned a value but never used     no-unused-vars
    37:32  warning  'hdr' is assigned a value but never used         no-unused-vars
    37:40  warning  'layerNo' is assigned a value but never used     no-unused-vars
    37:51  warning  'compEnergy' is assigned a value but never used  no-unused-vars
    53:3   warning  Mixed spaces and tabs                            no-mixed-spaces-and-tabs
    54:3   warning  Mixed spaces and tabs                            no-mixed-spaces-and-tabs
    55:3   warning  Mixed spaces and tabs                            no-mixed-spaces-and-tabs
    56:3   warning  Mixed spaces and tabs                            no-mixed-spaces-and-tabs
    60:2   warning  '$' is not defined                               no-undef
    64:2   warning  'el' is not defined                              no-undef
    65:2   warning  'el' is not defined                              no-undef
    66:2   warning  'el' is not defined                              no-undef
    67:2   warning  'answer' is not defined                          no-undef
    67:21  warning  'el' is not defined                              no-undef
    69:6   warning  'j' is not defined                               no-undef
    69:10  warning  'j' is not defined                               no-undef
    69:32  warning  'j' is not defined                               no-undef
    71:3   warning  'opt' is not defined                             no-undef
    71:22  warning  'j' is not defined                               no-undef
    73:3   warning  'el' is not defined                              no-undef
    74:3   warning  'el' is not defined                              no-undef
    74:20  warning  'opt' is not defined                             no-undef
    75:3   warning  'el' is not defined                              no-undef
    75:14  warning  'opt' is not defined                             no-undef
    76:3   warning  'answer' is not defined                          no-undef
    76:22  warning  'el' is not defined                              no-undef
    77:3   warning  '$' is not defined                               no-undef
    79:4   warning  'ca' is not defined                              no-undef
    79:7   warning  '$' is not defined                               no-undef
    80:26  warning  'ca' is not defined                              no-undef
    97:5   warning  'cnt' is assigned a value but never used         no-unused-vars
   115:1   warning  '$' is not defined                               no-undef
   117:2   warning  '$' is not defined                               no-undef
   125:9   warning  'table' is assigned a value but never used       no-unused-vars
   128:4   warning  '$' is not defined                               no-undef
   130:13  warning  '$' is not defined                               no-undef
   137:10  warning  'navNext' is defined but never used              no-unused-vars
   139:6   warning  'temp' is not defined                            no-undef
   139:13  warning  'temp' is not defined                            no-undef
   139:22  warning  'temp' is not defined                            no-undef
   141:36  warning  'temp' is not defined                            no-undef
   143:2   warning  'simsubscreennum' is not defined                 no-undef
   144:35  warning  'simsubscreennum' is not defined                 no-undef
   174:5   warning  'simsubscreennum' is not defined                 no-undef
   178:2   warning  Mixed spaces and tabs                            no-mixed-spaces-and-tabs
   179:2   warning  Mixed spaces and tabs                            no-mixed-spaces-and-tabs
   180:2   warning  Mixed spaces and tabs                            no-mixed-spaces-and-tabs
   181:2   warning  Mixed spaces and tabs                            no-mixed-spaces-and-tabs
   182:2   warning  Mixed spaces and tabs                            no-mixed-spaces-and-tabs
   183:2   warning  Mixed spaces and tabs                            no-mixed-spaces-and-tabs
   184:2   warning  Mixed spaces and tabs                            no-mixed-spaces-and-tabs
   250:10  warning  'simsubscreennum' is not defined                 no-undef
   317:10  warning  'simsubscreennum' is not defined                 no-undef
   324:11  warning  'i' is already defined                           no-redeclare
   391:10  warning  'simsubscreennum' is not defined                 no-undef
   394:11  warning  'i' is already defined                           no-redeclare
   497:4   warning  Mixed spaces and tabs                            no-mixed-spaces-and-tabs
   502:10  warning  'simsubscreennum' is not defined                 no-undef
   548:6   warning  Mixed spaces and tabs                            no-mixed-spaces-and-tabs
   604:10  warning  'simsubscreennum' is not defined                 no-undef
   638:10  warning  'simsubscreennum' is not defined                 no-undef
   649:10  warning  'simsubscreennum' is not defined                 no-undef
   705:10  warning  'simsubscreennum' is not defined                 no-undef
   752:10  warning  'simsubscreennum' is not defined                 no-undef
   791:10  warning  'simsubscreennum' is not defined                 no-undef
   828:7   warning  Mixed spaces and tabs                            no-mixed-spaces-and-tabs
   869:10  warning  'simsubscreennum' is not defined                 no-undef
   917:10  warning  'simsubscreennum' is not defined                 no-undef
   928:4   warning  '$' is not defined                               no-undef
   949:8   warning  '$' is not defined                               no-undef
   970:12  warning  '$' is not defined                               no-undef
   973:13  warning  '$' is not defined                               no-undef
   991:10  warning  'simsubscreennum' is not defined                 no-undef
  1048:10  warning  'simsubscreennum' is not defined                 no-undef
  1064:12  warning  'i' is already defined                           no-redeclare
  1110:8   warning  'sheet3' is assigned a value but never used      no-unused-vars
  1111:47  warning  'sheet2' is not defined                          no-undef
  1114:10  warning  'simsubscreennum' is not defined                 no-undef
  1124:10  warning  'simsubscreennum' is not defined                 no-undef
  1128:7   warning  'i' is already defined                           no-redeclare
  1135:3   warning  '$' is not defined                               no-undef
  1137:2   warning  Mixed spaces and tabs                            no-mixed-spaces-and-tabs
  1139:3   warning  Mixed spaces and tabs                            no-mixed-spaces-and-tabs
  1151:3   warning  Mixed spaces and tabs                            no-mixed-spaces-and-tabs
  1226:3   warning  'n' is not defined                               no-undef
  1227:17  warning  'n' is not defined                               no-undef
  1259:27  warning  Unnecessary semicolon                            no-extra-semi
  1283:4   warning  'simsubscreennum' is not defined                 no-undef
  1289:4   warning  'simsubscreennum' is not defined                 no-undef
  1328:3   warning  '$' is not defined                               no-undef
  1349:8   warning  '$' is not defined                               no-undef

✖ 175 problems (1 error, 174 warnings)
  0 errors and 1 warning potentially fixable with the `--fix` option.

